我现在对代码库有了全面的了解。让我来分析这个问题并规划子任务。

主要观察点：
- `run.sh` 是唯一的主要实现文件（约2267行）
- `has_fatal_error()`（第264行）已经检测到 `context.length.exceeded` 和 `token.limit.exceeded`，但将其视为可重试的 API 错误，而非上下文溢出信号
- `run_with_retry()`（第301行）处理重试逻辑，但如果输出过短（<5行）则重试整个 Agent 调用
- 迭代循环（第2003行起）跟踪 `CONSECUTIVE_ITERATION_FAILURES` 但不区分上下文溢出和实际失败
- `restore_continue_state()`（第1750行）已经存在用于继续模式
- `progress.md` 机制已存在

该问题需要：
1. 一个 `detect_context_overflow()` 函数来检查溢出信号
2. 修改迭代循环以检测溢出、保存进度，并在不计为失败的情况下自动继续
3. 配置 `MAX_CONTEXT_RETRIES`

```json
{
  "issueNumber": 13,
  "subtasks": [
    {
      "id": "T-001",
      "title": "实现上下文溢出检测函数 detect_context_overflow()",
      "description": "在 run.sh 中添加 `detect_context_overflow()` 函数，检测 Agent 输出中的上下文溢出信号。检测条件：(1) 输出截断（非正常结束且 exit code 非零）；(2) 包含 'context window' / 'token limit' / 'maximum context' / 'context length exceeded' / 'token limit exceeded' 等关键词；(3) 输出内容过短（< 5 行有效内容）且 exit code 非零。注意：现有 `has_fatal_error()` 已包含部分模式（context.length.exceeded, token.limit.exceeded, maximum.context.length），新函数应复用并扩展这些模式。函数应输出检测结果（0=无溢出, 1=检测到溢出）和匹配到的信号描述。同时添加 `MAX_CONTEXT_RETRIES=3` 配置变量和 `context_retry_count` 追踪变量。",
      "acceptanceCriteria": [
        "detect_context_overflow() 函数已实现，接受日志文件路径作为参数",
        "能检测 'context window'、'token limit'、'maximum context' 等溢出关键词（不区分大小写）",
        "能结合 exit code 和输出长度综合判断",
        "添加了 MAX_CONTEXT_RETRIES 配置变量（默认值 3）",
        "函数返回值为 0（无溢出）或 1（检测到溢出）",
        "单元测试不适用（Shell 函数），在实现报告中注明"
      ],
      "priority": 1,
      "passes": false
    },
    {
      "id": "T-002",
      "title": "实现上下文溢出自动交接逻辑",
      "description": "修改 run.sh 的迭代循环（约第 2003 行的 while 循环），在 Agent 调用失败后增加上下文溢出检测分支。当检测到溢出时：(1) 调用 `append_to_progress()` 将当前进度写入 progress.md，包含溢出信号描述；(2) 不增加 `CONSECUTIVE_ITERATION_FAILURES`（这不是实现失败）；(3) 增加 `context_retry_count` 计数器；(4) 超过 `MAX_CONTEXT_RETRIES` 次数时停止并报告错误；(5) 未超限时自动启动新迭代（相当于自动触发 Continue 模式）。此逻辑需同时处理有子任务和无子任务两种模式。在日志中记录 '[上下文溢出] 检测到上下文溢出，自动交接到新迭代 (X/MAX_CONTEXT_RETRIES)' 格式的信息。",
      "acceptanceCriteria": [
        "迭代循环中，Agent 调用失败后能检测上下文溢出信号",
        "检测到溢出时不增加 CONSECUTIVE_ITERATION_FAILURES",
        "自动追加进度到 progress.md，包含溢出信号描述",
        "有 context_retry_count 计数器，超过 MAX_CONTEXT_RETRIES 时停止",
        "日志中清晰记录溢出检测和交接过程",
        "同时兼容有子任务和无子任务两种模式",
        "不影响现有的正常迭代流程和连续失败检测"
      ],
      "priority": 2,
      "passes": false
    }
  ]
}
```
