[2026-04-22 09:03:45] 工作目录: /Users/musk/Documents/ai-coding/git/autoresearch-zsy/.autoresearch/workflows/issue-49
[2026-04-22 09:03:45] 初始化经验日志: /Users/musk/Documents/ai-coding/git/autoresearch-zsy/.autoresearch/workflows/issue-49/progress.md
[2026-04-22 09:03:45] 创建分支: feature/issue-49
[2026-04-22 09:03:45] 
[2026-04-22 09:03:45] 📋 规划阶段: 拆分子任务...
[2026-04-22 09:03:45] 
[2026-04-22 09:03:45] 规划阶段: 拆分 Issue #49 为子任务...
[2026-04-22 09:03:45] 使用指令文件: /Users/musk/Documents/ai-coding/git/autoresearch-zsy/agents/opencode.md
[2026-04-22 09:03:45] 调用 opencode (尝试 1/5)...
[2026-04-22 09:05:31] ✅ 成功拆分为 1 个子任务
[2026-04-22 09:05:31] 子任务列表:
[2026-04-22 09:05:31] T-001: 添加全局 trap cleanup 清理机制
[2026-04-22 09:05:31] 
[2026-04-22 09:05:31] ──────────────────────────────────────────
[2026-04-22 09:05:31] 🔄 迭代 1/42
[2026-04-22 09:05:31] 子任务进度: 0/1 已完成 | 当前子任务: T-001 - 添加全局 trap cleanup 清理机制
[2026-04-22 09:05:31] 🔍 opencode 开始审核...
[2026-04-22 09:05:31] ──────────────────────────────────────────
[2026-04-22 09:05:31] 迭代 1: OpenCode 实现...
[2026-04-22 09:05:31] 使用指令文件: /Users/musk/Documents/ai-coding/git/autoresearch-zsy/agents/opencode.md
[2026-04-22 09:05:31] 调用 opencode (尝试 1/5)...
[2026-04-22 09:09:29] ✅ 硬门禁检查通过
[2026-04-22 09:09:29] 已追加迭代 1 经验到 progress.md
[2026-04-22 09:09:29] 
[2026-04-22 09:09:29] ──────────────────────────────────────────
[2026-04-22 09:09:29] 🔄 迭代 2/42
[2026-04-22 09:09:29] 子任务进度: 0/1 已完成 | 当前子任务: T-001 - 添加全局 trap cleanup 清理机制
[2026-04-22 09:09:29] 🔍 opencode 开始审核...
[2026-04-22 09:09:29] ──────────────────────────────────────────
[2026-04-22 09:09:29] 迭代 2: OpenCode 审核...
[2026-04-22 09:09:29] 使用指令文件: /Users/musk/Documents/ai-coding/git/autoresearch-zsy/agents/opencode.md
[2026-04-22 09:09:29] 调用 opencode (尝试 1/5)...
[2026-04-22 09:10:35] 审核评分: 85/100
[2026-04-22 09:10:35] ✅ 审核通过！评分: 85/100 (达标线: 85)
[2026-04-22 09:10:35] 子任务 T-001 已标记为通过
[2026-04-22 09:10:35] ✅ 子任务 T-001 审核通过
[2026-04-22 09:10:35] 🎉 所有子任务已通过！
[2026-04-22 09:10:35] 已追加迭代 2 经验到 progress.md
